
========================================
Mon Mar 30 15:10:51 EET 2020
    Last Daily Death:	 3K,	 In 10 Days: 	 10K
    Total Death:	 34K,	 In 10 Days: 	 96K
========================================
Tue Mar 31 13:00:00 EET 2020
    Last Daily Death:	 4K,	 In 10 Days: 	 12K
    Total Death:	 38K,	 In 10 Days: 	 111K
========================================
Wed Apr 1 13:00:00 EET 2020
    Last Daily Death:	 5K,	 In 10 Days: 	 14K
    Total Death:	 42K,	 In 10 Days: 	 132K
========================================
Thu Apr 2 13:00:00 EET 2020
    Last Daily Death:	 5K,	 In 10 Days: 	 16K
    Total Death:	 47K,	 In 10 Days: 	 146K
    Last Daily Cases:	 35K,	 In 10 Days: 	 95K
    Total Cases:	 935K,	 In 10 Days: 	 1560K
========================================
Fri Apr 3 13:00:01 EET 2020
    Last Daily Death:	 6K,	 In 10 Days: 	 20K
    Total Death:	 53K,	 In 10 Days: 	 177K
    Last Daily Cases:	 38K,	 In 10 Days: 	 91K
    Total Cases:	 1015K,	 In 10 Days: 	 1640K
========================================
Sat Apr 4 13:00:00 EET 2020
    Last Daily Death:	 6K,	 In 10 Days: 	 18K
    Total Death:	 59K,	 In 10 Days: 	 174K
    Last Daily Cases:	 39K,	 In 10 Days: 	 93K
    Total Cases:	 1117K,	 In 10 Days: 	 1761K
========================================
